2023-10-12T10:20:59.846+05:30  INFO 17344 --- [restartedMain] com.example.demo.EldercareApplication    : Starting EldercareApplication using Java 20.0.2 with PID 17344 (D:\Downloads\eldercare\target\classes started by user in D:\Downloads\eldercare)
2023-10-12T10:20:59.853+05:30  INFO 17344 --- [restartedMain] com.example.demo.EldercareApplication    : No active profile set, falling back to 1 default profile: "default"
2023-10-12T10:21:00.008+05:30  INFO 17344 --- [restartedMain] .e.DevToolsPropertyDefaultsPostProcessor : Devtools property defaults active! Set 'spring.devtools.add-properties' to 'false' to disable
2023-10-12T10:21:00.012+05:30  INFO 17344 --- [restartedMain] .e.DevToolsPropertyDefaultsPostProcessor : For additional web related logging consider setting the 'logging.level.web' property to 'DEBUG'
2023-10-12T10:21:01.471+05:30  INFO 17344 --- [restartedMain] .s.d.r.c.RepositoryConfigurationDelegate : Bootstrapping Spring Data JPA repositories in DEFAULT mode.
2023-10-12T10:21:01.572+05:30  INFO 17344 --- [restartedMain] .s.d.r.c.RepositoryConfigurationDelegate : Finished Spring Data repository scanning in 84 ms. Found 2 JPA repository interfaces.
2023-10-12T10:21:02.571+05:30  INFO 17344 --- [restartedMain] o.s.b.w.embedded.tomcat.TomcatWebServer  : Tomcat initialized with port(s): 8181 (http)
2023-10-12T10:21:02.596+05:30  INFO 17344 --- [restartedMain] o.apache.catalina.core.StandardService   : Starting service [Tomcat]
2023-10-12T10:21:02.597+05:30  INFO 17344 --- [restartedMain] o.apache.catalina.core.StandardEngine    : Starting Servlet engine: [Apache Tomcat/10.1.13]
2023-10-12T10:21:02.723+05:30  INFO 17344 --- [restartedMain] o.a.c.c.C.[Tomcat].[localhost].[/]       : Initializing Spring embedded WebApplicationContext
2023-10-12T10:21:02.724+05:30  INFO 17344 --- [restartedMain] w.s.c.ServletWebServerApplicationContext : Root WebApplicationContext: initialization completed in 2710 ms
2023-10-12T10:21:02.790+05:30  INFO 17344 --- [restartedMain] com.zaxxer.hikari.HikariDataSource       : HikariPool-1 - Starting...
2023-10-12T10:21:03.328+05:30  INFO 17344 --- [restartedMain] com.zaxxer.hikari.pool.HikariPool        : HikariPool-1 - Added connection com.mysql.cj.jdbc.ConnectionImpl@73b6382d
2023-10-12T10:21:03.332+05:30  INFO 17344 --- [restartedMain] com.zaxxer.hikari.HikariDataSource       : HikariPool-1 - Start completed.
2023-10-12T10:21:03.345+05:30  INFO 17344 --- [restartedMain] o.s.b.a.h2.H2ConsoleAutoConfiguration    : H2 console available at '/h2-console'. Database available at 'jdbc:mysql://localhost:3306/eldercare'
2023-10-12T10:21:03.570+05:30  INFO 17344 --- [restartedMain] o.hibernate.jpa.internal.util.LogHelper  : HHH000204: Processing PersistenceUnitInfo [name: default]
2023-10-12T10:21:03.676+05:30  INFO 17344 --- [restartedMain] org.hibernate.Version                    : HHH000412: Hibernate ORM core version 6.2.9.Final
2023-10-12T10:21:03.681+05:30  INFO 17344 --- [restartedMain] org.hibernate.cfg.Environment            : HHH000406: Using bytecode reflection optimizer
2023-10-12T10:21:03.913+05:30  INFO 17344 --- [restartedMain] o.h.b.i.BytecodeProviderInitiator        : HHH000021: Bytecode provider name : bytebuddy
2023-10-12T10:21:04.155+05:30  INFO 17344 --- [restartedMain] o.s.o.j.p.SpringPersistenceUnitInfo      : No LoadTimeWeaver setup: ignoring JPA class transformer
2023-10-12T10:21:04.275+05:30  WARN 17344 --- [restartedMain] org.hibernate.orm.deprecation            : HHH90000026: MySQL8Dialect has been deprecated; use org.hibernate.dialect.MySQLDialect instead
2023-10-12T10:21:04.559+05:30  INFO 17344 --- [restartedMain] o.h.b.i.BytecodeProviderInitiator        : HHH000021: Bytecode provider name : bytebuddy
2023-10-12T10:21:05.435+05:30  INFO 17344 --- [restartedMain] o.h.e.t.j.p.i.JtaPlatformInitiator       : HHH000490: Using JtaPlatform implementation: [org.hibernate.engine.transaction.jta.platform.internal.NoJtaPlatform]
2023-10-12T10:21:05.536+05:30  INFO 17344 --- [restartedMain] j.LocalContainerEntityManagerFactoryBean : Initialized JPA EntityManagerFactory for persistence unit 'default'
2023-10-12T10:21:06.388+05:30  WARN 17344 --- [restartedMain] JpaBaseConfiguration$JpaWebConfiguration : spring.jpa.open-in-view is enabled by default. Therefore, database queries may be performed during view rendering. Explicitly configure spring.jpa.open-in-view to disable this warning
2023-10-12T10:21:06.586+05:30  INFO 17344 --- [restartedMain] o.s.s.web.DefaultSecurityFilterChain     : Will secure any request with [org.springframework.security.web.session.DisableEncodeUrlFilter@6a7299bf, org.springframework.security.web.context.request.async.WebAsyncManagerIntegrationFilter@447e8071, org.springframework.security.web.context.SecurityContextHolderFilter@615458ea, org.springframework.security.web.header.HeaderWriterFilter@4f3b612d, org.springframework.web.filter.CorsFilter@4ef87d91, org.springframework.security.web.authentication.logout.LogoutFilter@186e0b37, com.example.demo.config.JwtAuthenticationFilter@c3a0f5a, org.springframework.security.web.savedrequest.RequestCacheAwareFilter@412f2517, org.springframework.security.web.servletapi.SecurityContextHolderAwareRequestFilter@5987cd02, org.springframework.security.web.authentication.AnonymousAuthenticationFilter@8d5fe2f, org.springframework.security.web.session.SessionManagementFilter@562e53b, org.springframework.security.web.access.ExceptionTranslationFilter@6070381e, org.springframework.security.web.access.intercept.AuthorizationFilter@121786b6]
2023-10-12T10:21:07.180+05:30  INFO 17344 --- [restartedMain] o.s.b.d.a.OptionalLiveReloadServer       : LiveReload server is running on port 35729
2023-10-12T10:21:07.252+05:30  INFO 17344 --- [restartedMain] o.s.b.w.embedded.tomcat.TomcatWebServer  : Tomcat started on port(s): 8181 (http) with context path ''
2023-10-12T10:21:07.268+05:30  INFO 17344 --- [restartedMain] com.example.demo.EldercareApplication    : Started EldercareApplication in 8.086 seconds (process running for 9.63)
2023-10-12T10:21:26.139+05:30  INFO 17344 --- [http-nio-8181-exec-1] o.a.c.c.C.[Tomcat].[localhost].[/]       : Initializing Spring DispatcherServlet 'dispatcherServlet'
2023-10-12T10:21:26.139+05:30  INFO 17344 --- [http-nio-8181-exec-1] o.s.web.servlet.DispatcherServlet        : Initializing Servlet 'dispatcherServlet'
2023-10-12T10:21:26.142+05:30  INFO 17344 --- [http-nio-8181-exec-1] o.s.web.servlet.DispatcherServlet        : Completed initialization in 2 ms
2023-10-12T10:21:26.152+05:30 DEBUG 17344 --- [http-nio-8181-exec-1] o.s.security.web.FilterChainProxy        : Securing OPTIONS /api/v1/auth/register
2023-10-12T10:21:26.184+05:30 DEBUG 17344 --- [http-nio-8181-exec-2] o.s.security.web.FilterChainProxy        : Securing POST /api/v1/auth/register
2023-10-12T10:21:26.190+05:30 DEBUG 17344 --- [http-nio-8181-exec-2] o.s.s.w.a.AnonymousAuthenticationFilter  : Set SecurityContextHolder to anonymous SecurityContext
2023-10-12T10:21:26.192+05:30 DEBUG 17344 --- [http-nio-8181-exec-2] o.s.security.web.FilterChainProxy        : Secured POST /api/v1/auth/register
2023-10-12T10:21:40.849+05:30 DEBUG 17344 --- [http-nio-8181-exec-3] o.s.security.web.FilterChainProxy        : Securing OPTIONS /api/v1/auth/login
2023-10-12T10:21:40.867+05:30 DEBUG 17344 --- [http-nio-8181-exec-4] o.s.security.web.FilterChainProxy        : Securing POST /api/v1/auth/login
2023-10-12T10:21:40.872+05:30 DEBUG 17344 --- [http-nio-8181-exec-4] o.s.s.w.a.AnonymousAuthenticationFilter  : Set SecurityContextHolder to anonymous SecurityContext
2023-10-12T10:21:40.873+05:30 DEBUG 17344 --- [http-nio-8181-exec-4] o.s.security.web.FilterChainProxy        : Secured POST /api/v1/auth/login
2023-10-12T10:21:41.133+05:30 DEBUG 17344 --- [http-nio-8181-exec-4] o.s.s.a.dao.DaoAuthenticationProvider    : Authenticated user
2023-10-12T11:40:53.128+05:30  WARN 17344 --- [HikariPool-1 housekeeper] com.zaxxer.hikari.pool.HikariPool        : HikariPool-1 - Thread starvation or clock leap detected (housekeeper delta=57m19s348ms94µs600ns).
2023-10-12T11:42:32.993+05:30 DEBUG 17344 --- [http-nio-8181-exec-6] o.s.security.web.FilterChainProxy        : Securing OPTIONS /api/v1/auth/login
2023-10-12T11:42:33.022+05:30 DEBUG 17344 --- [http-nio-8181-exec-7] o.s.security.web.FilterChainProxy        : Securing POST /api/v1/auth/login
2023-10-12T11:42:33.026+05:30 DEBUG 17344 --- [http-nio-8181-exec-7] o.s.s.w.a.AnonymousAuthenticationFilter  : Set SecurityContextHolder to anonymous SecurityContext
2023-10-12T11:42:33.027+05:30 DEBUG 17344 --- [http-nio-8181-exec-7] o.s.security.web.FilterChainProxy        : Secured POST /api/v1/auth/login
2023-10-12T11:42:33.286+05:30 DEBUG 17344 --- [http-nio-8181-exec-7] o.s.s.a.dao.DaoAuthenticationProvider    : Failed to find user '727821tucs043@skct.edu.in'
2023-10-12T11:42:33.304+05:30 DEBUG 17344 --- [http-nio-8181-exec-7] o.s.s.w.a.Http403ForbiddenEntryPoint     : Pre-authenticated entry point called. Rejecting access
2023-10-12T11:42:33.317+05:30 DEBUG 17344 --- [http-nio-8181-exec-7] o.s.security.web.FilterChainProxy        : Securing POST /error
2023-10-12T11:42:33.317+05:30 DEBUG 17344 --- [http-nio-8181-exec-7] o.s.s.w.a.AnonymousAuthenticationFilter  : Set SecurityContextHolder to anonymous SecurityContext
2023-10-12T11:42:33.319+05:30 DEBUG 17344 --- [http-nio-8181-exec-7] o.s.s.w.a.Http403ForbiddenEntryPoint     : Pre-authenticated entry point called. Rejecting access
2023-10-12T11:43:06.233+05:30 DEBUG 17344 --- [http-nio-8181-exec-8] o.s.security.web.FilterChainProxy        : Securing OPTIONS /api/v1/auth/login
2023-10-12T11:43:06.251+05:30 DEBUG 17344 --- [http-nio-8181-exec-9] o.s.security.web.FilterChainProxy        : Securing POST /api/v1/auth/login
2023-10-12T11:43:06.254+05:30 DEBUG 17344 --- [http-nio-8181-exec-9] o.s.s.w.a.AnonymousAuthenticationFilter  : Set SecurityContextHolder to anonymous SecurityContext
2023-10-12T11:43:06.255+05:30 DEBUG 17344 --- [http-nio-8181-exec-9] o.s.security.web.FilterChainProxy        : Secured POST /api/v1/auth/login
2023-10-12T11:43:06.529+05:30 DEBUG 17344 --- [http-nio-8181-exec-9] o.s.s.a.dao.DaoAuthenticationProvider    : Authenticated user
2023-10-12T12:19:03.512+05:30  WARN 17344 --- [HikariPool-1 housekeeper] com.zaxxer.hikari.pool.HikariPool        : HikariPool-1 - Thread starvation or clock leap detected (housekeeper delta=3m9s851ms541µs800ns).
2023-10-12T14:11:30.189+05:30  WARN 17344 --- [HikariPool-1 housekeeper] com.zaxxer.hikari.pool.HikariPool        : HikariPool-1 - Thread starvation or clock leap detected (housekeeper delta=1h11m55s96ms595µs900ns).
2023-10-12T14:13:45.355+05:30  INFO 17344 --- [RMI TCP Connection(109)-127.0.0.1] inMXBeanRegistrar$SpringApplicationAdmin : Application shutdown requested.
2023-10-12T14:13:45.494+05:30  INFO 17344 --- [RMI TCP Connection(109)-127.0.0.1] o.apache.catalina.core.StandardService   : Stopping service [Tomcat]
2023-10-12T14:13:45.516+05:30  INFO 17344 --- [RMI TCP Connection(109)-127.0.0.1] o.a.c.c.C.[Tomcat].[localhost].[/]       : Destroying Spring FrameworkServlet 'dispatcherServlet'
2023-10-12T14:13:45.604+05:30  INFO 17344 --- [RMI TCP Connection(109)-127.0.0.1] j.LocalContainerEntityManagerFactoryBean : Closing JPA EntityManagerFactory for persistence unit 'default'
2023-10-12T14:13:45.683+05:30  INFO 17344 --- [RMI TCP Connection(109)-127.0.0.1] com.zaxxer.hikari.HikariDataSource       : HikariPool-1 - Shutdown initiated...
2023-10-12T14:13:45.696+05:30  INFO 17344 --- [RMI TCP Connection(109)-127.0.0.1] com.zaxxer.hikari.HikariDataSource       : HikariPool-1 - Shutdown completed.
